<?xml version="1.0" encoding="UTF-8"?>
<testsuite name=": UTest Registro" tests="1" skipped="0" failures="1" errors="0" timestamp="2021-07-22T05:31:59" hostname="DESKTOP-9AR892A" time="61.886">
  <properties/>
  <testcase name="Registrar usuario en UTest.com" classname=": UTest Registro" time="61.886">
    <failure message="java.lang.AssertionError: no such element: Unable to locate element: {&quot;method&quot;:&quot;xpath&quot;,&quot;selector&quot;:&quot;//strong[contains(text(),'As a new tester, we recommend that you follow thes')]&quot;}&#10;  (Session info: chrome=91.0.4472.164)&#10;For documentation on this error, please visit: https://www.seleniumhq.org/exceptions/no_such_element.html&#10;Build info: version: '3.141.59', revision: 'e82be7d358', time: '2018-11-14T08:17:03'&#10;System info: host: 'DESKTOP-9AR892A', ip: '192.168.0.2', os.name: 'Windows 10', os.arch: 'amd64', os.version: '10.0', java.version: '1.8.0_292'&#10;Driver info: org.openqa.selenium.chrome.ChromeDriver&#10;Capabilities {acceptInsecureCerts: false, browserName: chrome, browserVersion: 91.0.4472.164, chrome: {chromedriverVersion: 91.0.4472.101 (af52a90bf870..., userDataDir: C:\Users\Andre\AppData\Loca...}, goog:chromeOptions: {debuggerAddress: localhost:61808}, javascriptEnabled: true, networkConnectionEnabled: false, pageLoadStrategy: normal, platform: WINDOWS, platformName: WINDOWS, proxy: Proxy(), setWindowRect: true, strictFileInteractability: false, timeouts: {implicit: 0, pageLoad: 300000, script: 30000}, unhandledPromptBehavior: dismiss and notify, webauthn:extension:largeBlob: true, webauthn:virtualAuthenticators: true}&#10;Session ID: 67ca40815be66ef913aeabcc5bf362be&#10;*** Element info: {Using=xpath, value=//strong[contains(text(),'As a new tester, we recommend that you follow thes')]}" type="java.lang.AssertionError">java.lang.AssertionError: no such element: Unable to locate element: {&quot;method&quot;:&quot;xpath&quot;,&quot;selector&quot;:&quot;//strong[contains(text(),'As a new tester, we recommend that you follow thes')]&quot;}
  (Session info: chrome=91.0.4472.164)
For documentation on this error, please visit: https://www.seleniumhq.org/exceptions/no_such_element.html
Build info: version: '3.141.59', revision: 'e82be7d358', time: '2018-11-14T08:17:03'
System info: host: 'DESKTOP-9AR892A', ip: '192.168.0.2', os.name: 'Windows 10', os.arch: 'amd64', os.version: '10.0', java.version: '1.8.0_292'
Driver info: org.openqa.selenium.chrome.ChromeDriver
Capabilities {acceptInsecureCerts: false, browserName: chrome, browserVersion: 91.0.4472.164, chrome: {chromedriverVersion: 91.0.4472.101 (af52a90bf870..., userDataDir: C:\Users\Andre\AppData\Loca...}, goog:chromeOptions: {debuggerAddress: localhost:61808}, javascriptEnabled: true, networkConnectionEnabled: false, pageLoadStrategy: normal, platform: WINDOWS, platformName: WINDOWS, proxy: Proxy(), setWindowRect: true, strictFileInteractability: false, timeouts: {implicit: 0, pageLoad: 300000, script: 30000}, unhandledPromptBehavior: dismiss and notify, webauthn:extension:largeBlob: true, webauthn:virtualAuthenticators: true}
Session ID: 67ca40815be66ef913aeabcc5bf362be
*** Element info: {Using=xpath, value=//strong[contains(text(),'As a new tester, we recommend that you follow thes')]}
	at net.serenitybdd.screenplay.ErrorTally.throwSummaryExceptionFrom(ErrorTally.java:36)
	at net.serenitybdd.screenplay.ErrorTally.reportAnyErrors(ErrorTally.java:30)
	at net.serenitybdd.screenplay.Actor.should(Actor.java:301)
	at co.com.choucair.certification.pruebatecnica.academy.stepdefinitions.UTestStepDefinitions.elVerificaQueSeRealizoElRegistroConLaPantallaDeRegistroExitoso(UTestStepDefinitions.java:38)
	at ✽.el verifica que se realizo el registro con la pantalla Welcome to the world's largest community of freelance software testers!(src/test/resources/features/uTest.feature:11)
</failure>
  </testcase>
  <system-out><![CDATA[]]></system-out>
  <system-err><![CDATA[[Test worker] WARN net.thucydides.core.steps.BaseStepListener - stepStarted: net.thucydides.core.steps.ExecutedStepDescription@6b5469d1
[Test worker] WARN net.thucydides.core.steps.BaseStepListener - stepStarted: net.thucydides.core.steps.ExecutedStepDescription@13306075
[Test worker] WARN net.thucydides.core.steps.BaseStepListener - stepStarted: net.thucydides.core.steps.ExecutedStepDescription@21007aad
jul 22, 2021 12:32:00 AM org.openqa.selenium.remote.DesiredCapabilities chrome
INFORMACIÓN: Using `new ChromeOptions()` is preferred to `DesiredCapabilities.chrome()`
[Test worker] INFO net.serenitybdd.core.webdriver.driverproviders.ProvideNewDriver - Instantiating driver
[Test worker] INFO net.serenitybdd.core.webdriver.driverproviders.ProvideNewDriver - Driver capabilities: Capabilities {acceptInsecureCerts: false, browserName: chrome, chrome.switches: --start-maximized, goog:chromeOptions: {args: [--start-maximized], extensions: []}, loggingPrefs: org.openqa.selenium.logging..., platform: ANY, version: }
Starting ChromeDriver 91.0.4472.101 (af52a90bf87030dd1523486a1cd3ae25c5d76c9b-refs/branch-heads/4472@{#1462}) on port 39804
Only local connections are allowed.
Please see https://chromedriver.chromium.org/security-considerations for suggestions on keeping ChromeDriver safe.
ChromeDriver was started successfully.
jul 22, 2021 12:32:03 AM org.openqa.selenium.remote.ProtocolHandshake createSession
INFORMACIÓN: Detected dialect: W3C
[Test worker] WARN net.thucydides.core.steps.BaseStepListener - stepFinished: current outcome:Registrar usuario en UTest.com:Dado que Andres desea registrarse en la pagina UTest [Andres open up [Andres opens the U test page]]
[Test worker] WARN net.thucydides.core.steps.BaseStepListener - stepFinished: current outcome:Registrar usuario en UTest.com:Dado que Andres desea registrarse en la pagina UTest [Andres open up [Andres opens the U test page]]
[Test worker] WARN net.thucydides.core.steps.BaseStepListener - stepFinished: current outcome:Registrar usuario en UTest.com:Dado que Andres desea registrarse en la pagina UTest [Andres open up [Andres opens the U test page]]
[Test worker] WARN net.thucydides.core.steps.BaseStepListener - stepStarted: net.thucydides.core.steps.ExecutedStepDescription@2d00c81a
[Test worker] WARN net.thucydides.core.steps.BaseStepListener - stepStarted: net.thucydides.core.steps.ExecutedStepDescription@4d69f488
[Test worker] WARN net.thucydides.core.steps.BaseStepListener - stepStarted: net.thucydides.core.steps.ExecutedStepDescription@302fe374
[Test worker] WARN net.thucydides.core.steps.BaseStepListener - stepFinished: current outcome:Registrar usuario en UTest.com:Dado que Andres desea registrarse en la pagina UTest [Andres open up [Andres opens the U test page]], Cuando realiza el registro en la pagina
| Contrasena | Nombre | Apellido | Correo | Dia | Mes | Annio | Ciudad | ZIP | Pais |
| ChoucairTesting2021 | Andres Felipe | Yanquen Niño | andresqqw@hotmail.com | 23 | June | 1996 | Medellin | 050015 | Colombia | [Andres login [Andres clicks on boton despliega el formulario de registro]]
[Test worker] WARN net.thucydides.core.steps.BaseStepListener - stepStarted: net.thucydides.core.steps.ExecutedStepDescription@65a18b8d
[Test worker] WARN net.thucydides.core.steps.BaseStepListener - stepFinished: current outcome:Registrar usuario en UTest.com:Dado que Andres desea registrarse en la pagina UTest [Andres open up [Andres opens the U test page]], Cuando realiza el registro en la pagina
| Contrasena | Nombre | Apellido | Correo | Dia | Mes | Annio | Ciudad | ZIP | Pais |
| ChoucairTesting2021 | Andres Felipe | Yanquen Niño | andresqqw@hotmail.com | 23 | June | 1996 | Medellin | 050015 | Colombia | [Andres login [Andres clicks on boton despliega el formulario de registro, Andres enters 'Andres Felipe' into campo para primer nombre]]
[Test worker] WARN net.thucydides.core.steps.BaseStepListener - stepStarted: net.thucydides.core.steps.ExecutedStepDescription@80b0332
[Test worker] WARN net.thucydides.core.steps.BaseStepListener - stepFinished: current outcome:Registrar usuario en UTest.com:Dado que Andres desea registrarse en la pagina UTest [Andres open up [Andres opens the U test page]], Cuando realiza el registro en la pagina
| Contrasena | Nombre | Apellido | Correo | Dia | Mes | Annio | Ciudad | ZIP | Pais |
| ChoucairTesting2021 | Andres Felipe | Yanquen Niño | andresqqw@hotmail.com | 23 | June | 1996 | Medellin | 050015 | Colombia | [Andres login [Andres clicks on boton despliega el formulario de registro, Andres enters 'Andres Felipe' into campo para primer nombre, Andres enters 'Yanquen Niño' into campo para segundo nombre]]
[Test worker] WARN net.thucydides.core.steps.BaseStepListener - stepStarted: net.thucydides.core.steps.ExecutedStepDescription@793e3cef
[Test worker] WARN net.thucydides.core.steps.BaseStepListener - stepFinished: current outcome:Registrar usuario en UTest.com:Dado que Andres desea registrarse en la pagina UTest [Andres open up [Andres opens the U test page]], Cuando realiza el registro en la pagina
| Contrasena | Nombre | Apellido | Correo | Dia | Mes | Annio | Ciudad | ZIP | Pais |
| ChoucairTesting2021 | Andres Felipe | Yanquen Niño | andresqqw@hotmail.com | 23 | June | 1996 | Medellin | 050015 | Colombia | [Andres login [Andres clicks on boton despliega el formulario de registro, Andres enters 'Andres Felipe' into campo para primer nombre, Andres enters 'Yanquen Niño' into campo para segundo nombre, Andres enters 'andresqqw@hotmail.com' into campo para email]]
[Test worker] WARN net.thucydides.core.steps.BaseStepListener - stepStarted: net.thucydides.core.steps.ExecutedStepDescription@6b2f02dc
[Test worker] WARN net.thucydides.core.steps.BaseStepListener - stepFinished: current outcome:Registrar usuario en UTest.com:Dado que Andres desea registrarse en la pagina UTest [Andres open up [Andres opens the U test page]], Cuando realiza el registro en la pagina
| Contrasena | Nombre | Apellido | Correo | Dia | Mes | Annio | Ciudad | ZIP | Pais |
| ChoucairTesting2021 | Andres Felipe | Yanquen Niño | andresqqw@hotmail.com | 23 | June | 1996 | Medellin | 050015 | Colombia | [Andres login [Andres clicks on boton despliega el formulario de registro, Andres enters 'Andres Felipe' into campo para primer nombre, Andres enters 'Yanquen Niño' into campo para segundo nombre, Andres enters 'andresqqw@hotmail.com' into campo para email, Andres select June on campo para email]]
[Test worker] WARN net.thucydides.core.steps.BaseStepListener - stepStarted: net.thucydides.core.steps.ExecutedStepDescription@4830d296
[Test worker] WARN net.thucydides.core.steps.BaseStepListener - stepFinished: current outcome:Registrar usuario en UTest.com:Dado que Andres desea registrarse en la pagina UTest [Andres open up [Andres opens the U test page]], Cuando realiza el registro en la pagina
| Contrasena | Nombre | Apellido | Correo | Dia | Mes | Annio | Ciudad | ZIP | Pais |
| ChoucairTesting2021 | Andres Felipe | Yanquen Niño | andresqqw@hotmail.com | 23 | June | 1996 | Medellin | 050015 | Colombia | [Andres login [Andres clicks on boton despliega el formulario de registro, Andres enters 'Andres Felipe' into campo para primer nombre, Andres enters 'Yanquen Niño' into campo para segundo nombre, Andres enters 'andresqqw@hotmail.com' into campo para email, Andres select June on campo para email, Andres select 23 on campo para email]]
[Test worker] WARN net.thucydides.core.steps.BaseStepListener - stepStarted: net.thucydides.core.steps.ExecutedStepDescription@940a5eb
[Test worker] WARN net.thucydides.core.steps.BaseStepListener - stepFinished: current outcome:Registrar usuario en UTest.com:Dado que Andres desea registrarse en la pagina UTest [Andres open up [Andres opens the U test page]], Cuando realiza el registro en la pagina
| Contrasena | Nombre | Apellido | Correo | Dia | Mes | Annio | Ciudad | ZIP | Pais |
| ChoucairTesting2021 | Andres Felipe | Yanquen Niño | andresqqw@hotmail.com | 23 | June | 1996 | Medellin | 050015 | Colombia | [Andres login [Andres clicks on boton despliega el formulario de registro, Andres enters 'Andres Felipe' into campo para primer nombre, Andres enters 'Yanquen Niño' into campo para segundo nombre, Andres enters 'andresqqw@hotmail.com' into campo para email, Andres select June on campo para email, Andres select 23 on campo para email, Andres select 1996 on campo para email]]
[Test worker] WARN net.thucydides.core.steps.BaseStepListener - stepStarted: net.thucydides.core.steps.ExecutedStepDescription@63c678e4
[Test worker] WARN net.thucydides.core.steps.BaseStepListener - stepFinished: current outcome:Registrar usuario en UTest.com:Dado que Andres desea registrarse en la pagina UTest [Andres open up [Andres opens the U test page]], Cuando realiza el registro en la pagina
| Contrasena | Nombre | Apellido | Correo | Dia | Mes | Annio | Ciudad | ZIP | Pais |
| ChoucairTesting2021 | Andres Felipe | Yanquen Niño | andresqqw@hotmail.com | 23 | June | 1996 | Medellin | 050015 | Colombia | [Andres login [Andres clicks on boton despliega el formulario de registro, Andres enters 'Andres Felipe' into campo para primer nombre, Andres enters 'Yanquen Niño' into campo para segundo nombre, Andres enters 'andresqqw@hotmail.com' into campo para email, Andres select June on campo para email, Andres select 23 on campo para email, Andres select 1996 on campo para email, Andres clicks on boton siguiente]]
[Test worker] WARN net.thucydides.core.steps.BaseStepListener - stepStarted: net.thucydides.core.steps.ExecutedStepDescription@199ea8b
[Test worker] WARN net.thucydides.core.steps.BaseStepListener - stepFinished: current outcome:Registrar usuario en UTest.com:Dado que Andres desea registrarse en la pagina UTest [Andres open up [Andres opens the U test page]], Cuando realiza el registro en la pagina
| Contrasena | Nombre | Apellido | Correo | Dia | Mes | Annio | Ciudad | ZIP | Pais |
| ChoucairTesting2021 | Andres Felipe | Yanquen Niño | andresqqw@hotmail.com | 23 | June | 1996 | Medellin | 050015 | Colombia | [Andres login [Andres clicks on boton despliega el formulario de registro, Andres enters 'Andres Felipe' into campo para primer nombre, Andres enters 'Yanquen Niño' into campo para segundo nombre, Andres enters 'andresqqw@hotmail.com' into campo para email, Andres select June on campo para email, Andres select 23 on campo para email, Andres select 1996 on campo para email, Andres clicks on boton siguiente, Andres clicks on campo para Ciudad]]
[Test worker] WARN net.thucydides.core.steps.BaseStepListener - stepStarted: net.thucydides.core.steps.ExecutedStepDescription@9e6c888
[Test worker] WARN net.thucydides.core.steps.BaseStepListener - stepFinished: current outcome:Registrar usuario en UTest.com:Dado que Andres desea registrarse en la pagina UTest [Andres open up [Andres opens the U test page]], Cuando realiza el registro en la pagina
| Contrasena | Nombre | Apellido | Correo | Dia | Mes | Annio | Ciudad | ZIP | Pais |
| ChoucairTesting2021 | Andres Felipe | Yanquen Niño | andresqqw@hotmail.com | 23 | June | 1996 | Medellin | 050015 | Colombia | [Andres login [Andres clicks on boton despliega el formulario de registro, Andres enters 'Andres Felipe' into campo para primer nombre, Andres enters 'Yanquen Niño' into campo para segundo nombre, Andres enters 'andresqqw@hotmail.com' into campo para email, Andres select June on campo para email, Andres select 23 on campo para email, Andres select 1996 on campo para email, Andres clicks on boton siguiente, Andres clicks on campo para Ciudad, Andres enters 'Medellin' into campo para Ciudad]]
[Test worker] WARN net.thucydides.core.steps.BaseStepListener - stepStarted: net.thucydides.core.steps.ExecutedStepDescription@4e24adbc
[Test worker] WARN net.thucydides.core.steps.BaseStepListener - stepFinished: current outcome:Registrar usuario en UTest.com:Dado que Andres desea registrarse en la pagina UTest [Andres open up [Andres opens the U test page]], Cuando realiza el registro en la pagina
| Contrasena | Nombre | Apellido | Correo | Dia | Mes | Annio | Ciudad | ZIP | Pais |
| ChoucairTesting2021 | Andres Felipe | Yanquen Niño | andresqqw@hotmail.com | 23 | June | 1996 | Medellin | 050015 | Colombia | [Andres login [Andres clicks on boton despliega el formulario de registro, Andres enters 'Andres Felipe' into campo para primer nombre, Andres enters 'Yanquen Niño' into campo para segundo nombre, Andres enters 'andresqqw@hotmail.com' into campo para email, Andres select June on campo para email, Andres select 23 on campo para email, Andres select 1996 on campo para email, Andres clicks on boton siguiente, Andres clicks on campo para Ciudad, Andres enters 'Medellin' into campo para Ciudad, Andres types 'ARROW_DOWN' in campo para Ciudad]]
[Test worker] WARN net.thucydides.core.steps.BaseStepListener - stepStarted: net.thucydides.core.steps.ExecutedStepDescription@6da2ac48
[Test worker] WARN net.thucydides.core.steps.BaseStepListener - stepFinished: current outcome:Registrar usuario en UTest.com:Dado que Andres desea registrarse en la pagina UTest [Andres open up [Andres opens the U test page]], Cuando realiza el registro en la pagina
| Contrasena | Nombre | Apellido | Correo | Dia | Mes | Annio | Ciudad | ZIP | Pais |
| ChoucairTesting2021 | Andres Felipe | Yanquen Niño | andresqqw@hotmail.com | 23 | June | 1996 | Medellin | 050015 | Colombia | [Andres login [Andres clicks on boton despliega el formulario de registro, Andres enters 'Andres Felipe' into campo para primer nombre, Andres enters 'Yanquen Niño' into campo para segundo nombre, Andres enters 'andresqqw@hotmail.com' into campo para email, Andres select June on campo para email, Andres select 23 on campo para email, Andres select 1996 on campo para email, Andres clicks on boton siguiente, Andres clicks on campo para Ciudad, Andres enters 'Medellin' into campo para Ciudad, Andres types 'ARROW_DOWN' in campo para Ciudad, Andres clicks on campo para Codigo Postal]]
[Test worker] WARN net.thucydides.core.steps.BaseStepListener - stepStarted: net.thucydides.core.steps.ExecutedStepDescription@7d9dc865
[Test worker] WARN net.thucydides.core.steps.BaseStepListener - stepFinished: current outcome:Registrar usuario en UTest.com:Dado que Andres desea registrarse en la pagina UTest [Andres open up [Andres opens the U test page]], Cuando realiza el registro en la pagina
| Contrasena | Nombre | Apellido | Correo | Dia | Mes | Annio | Ciudad | ZIP | Pais |
| ChoucairTesting2021 | Andres Felipe | Yanquen Niño | andresqqw@hotmail.com | 23 | June | 1996 | Medellin | 050015 | Colombia | [Andres login [Andres clicks on boton despliega el formulario de registro, Andres enters 'Andres Felipe' into campo para primer nombre, Andres enters 'Yanquen Niño' into campo para segundo nombre, Andres enters 'andresqqw@hotmail.com' into campo para email, Andres select June on campo para email, Andres select 23 on campo para email, Andres select 1996 on campo para email, Andres clicks on boton siguiente, Andres clicks on campo para Ciudad, Andres enters 'Medellin' into campo para Ciudad, Andres types 'ARROW_DOWN' in campo para Ciudad, Andres clicks on campo para Codigo Postal, Andres clicks on campo para Codigo Postal]]
[Test worker] WARN net.thucydides.core.steps.BaseStepListener - stepStarted: net.thucydides.core.steps.ExecutedStepDescription@c26d9bd
[Test worker] WARN net.thucydides.core.steps.BaseStepListener - stepFinished: current outcome:Registrar usuario en UTest.com:Dado que Andres desea registrarse en la pagina UTest [Andres open up [Andres opens the U test page]], Cuando realiza el registro en la pagina
| Contrasena | Nombre | Apellido | Correo | Dia | Mes | Annio | Ciudad | ZIP | Pais |
| ChoucairTesting2021 | Andres Felipe | Yanquen Niño | andresqqw@hotmail.com | 23 | June | 1996 | Medellin | 050015 | Colombia | [Andres login [Andres clicks on boton despliega el formulario de registro, Andres enters 'Andres Felipe' into campo para primer nombre, Andres enters 'Yanquen Niño' into campo para segundo nombre, Andres enters 'andresqqw@hotmail.com' into campo para email, Andres select June on campo para email, Andres select 23 on campo para email, Andres select 1996 on campo para email, Andres clicks on boton siguiente, Andres clicks on campo para Ciudad, Andres enters 'Medellin' into campo para Ciudad, Andres types 'ARROW_DOWN' in campo para Ciudad, Andres clicks on campo para Codigo Postal, Andres clicks on campo para Codigo Postal, Andres enters '050015' into campo para Codigo Postal]]
[Test worker] WARN net.thucydides.core.steps.BaseStepListener - stepStarted: net.thucydides.core.steps.ExecutedStepDescription@f52fafe
[Test worker] WARN net.thucydides.core.steps.BaseStepListener - stepFinished: current outcome:Registrar usuario en UTest.com:Dado que Andres desea registrarse en la pagina UTest [Andres open up [Andres opens the U test page]], Cuando realiza el registro en la pagina
| Contrasena | Nombre | Apellido | Correo | Dia | Mes | Annio | Ciudad | ZIP | Pais |
| ChoucairTesting2021 | Andres Felipe | Yanquen Niño | andresqqw@hotmail.com | 23 | June | 1996 | Medellin | 050015 | Colombia | [Andres login [Andres clicks on boton despliega el formulario de registro, Andres enters 'Andres Felipe' into campo para primer nombre, Andres enters 'Yanquen Niño' into campo para segundo nombre, Andres enters 'andresqqw@hotmail.com' into campo para email, Andres select June on campo para email, Andres select 23 on campo para email, Andres select 1996 on campo para email, Andres clicks on boton siguiente, Andres clicks on campo para Ciudad, Andres enters 'Medellin' into campo para Ciudad, Andres types 'ARROW_DOWN' in campo para Ciudad, Andres clicks on campo para Codigo Postal, Andres clicks on campo para Codigo Postal, Andres enters '050015' into campo para Codigo Postal, Andres enters '050015' into campo para Codigo Postal]]
[Test worker] WARN net.thucydides.core.steps.BaseStepListener - stepStarted: net.thucydides.core.steps.ExecutedStepDescription@59bd2bf3
[Test worker] WARN net.thucydides.core.steps.BaseStepListener - stepFinished: current outcome:Registrar usuario en UTest.com:Dado que Andres desea registrarse en la pagina UTest [Andres open up [Andres opens the U test page]], Cuando realiza el registro en la pagina
| Contrasena | Nombre | Apellido | Correo | Dia | Mes | Annio | Ciudad | ZIP | Pais |
| ChoucairTesting2021 | Andres Felipe | Yanquen Niño | andresqqw@hotmail.com | 23 | June | 1996 | Medellin | 050015 | Colombia | [Andres login [Andres clicks on boton despliega el formulario de registro, Andres enters 'Andres Felipe' into campo para primer nombre, Andres enters 'Yanquen Niño' into campo para segundo nombre, Andres enters 'andresqqw@hotmail.com' into campo para email, Andres select June on campo para email, Andres select 23 on campo para email, Andres select 1996 on campo para email, Andres clicks on boton siguiente, Andres clicks on campo para Ciudad, Andres enters 'Medellin' into campo para Ciudad, Andres types 'ARROW_DOWN' in campo para Ciudad, Andres clicks on campo para Codigo Postal, Andres clicks on campo para Codigo Postal, Andres enters '050015' into campo para Codigo Postal, Andres enters '050015' into campo para Codigo Postal, Andres clicks on campo para PaÃ­s]]
[Test worker] WARN net.thucydides.core.steps.BaseStepListener - stepStarted: net.thucydides.core.steps.ExecutedStepDescription@434e39a6
[Test worker] WARN net.thucydides.core.steps.BaseStepListener - stepFinished: current outcome:Registrar usuario en UTest.com:Dado que Andres desea registrarse en la pagina UTest [Andres open up [Andres opens the U test page]], Cuando realiza el registro en la pagina
| Contrasena | Nombre | Apellido | Correo | Dia | Mes | Annio | Ciudad | ZIP | Pais |
| ChoucairTesting2021 | Andres Felipe | Yanquen Niño | andresqqw@hotmail.com | 23 | June | 1996 | Medellin | 050015 | Colombia | [Andres login [Andres clicks on boton despliega el formulario de registro, Andres enters 'Andres Felipe' into campo para primer nombre, Andres enters 'Yanquen Niño' into campo para segundo nombre, Andres enters 'andresqqw@hotmail.com' into campo para email, Andres select June on campo para email, Andres select 23 on campo para email, Andres select 1996 on campo para email, Andres clicks on boton siguiente, Andres clicks on campo para Ciudad, Andres enters 'Medellin' into campo para Ciudad, Andres types 'ARROW_DOWN' in campo para Ciudad, Andres clicks on campo para Codigo Postal, Andres clicks on campo para Codigo Postal, Andres enters '050015' into campo para Codigo Postal, Andres enters '050015' into campo para Codigo Postal, Andres clicks on campo para PaÃ­s, Andres clicks on campo para Pais]]
[Test worker] WARN net.thucydides.core.steps.BaseStepListener - stepStarted: net.thucydides.core.steps.ExecutedStepDescription@5fe48db4
[Test worker] WARN net.thucydides.core.steps.BaseStepListener - stepFinished: current outcome:Registrar usuario en UTest.com:Dado que Andres desea registrarse en la pagina UTest [Andres open up [Andres opens the U test page]], Cuando realiza el registro en la pagina
| Contrasena | Nombre | Apellido | Correo | Dia | Mes | Annio | Ciudad | ZIP | Pais |
| ChoucairTesting2021 | Andres Felipe | Yanquen Niño | andresqqw@hotmail.com | 23 | June | 1996 | Medellin | 050015 | Colombia | [Andres login [Andres clicks on boton despliega el formulario de registro, Andres enters 'Andres Felipe' into campo para primer nombre, Andres enters 'Yanquen Niño' into campo para segundo nombre, Andres enters 'andresqqw@hotmail.com' into campo para email, Andres select June on campo para email, Andres select 23 on campo para email, Andres select 1996 on campo para email, Andres clicks on boton siguiente, Andres clicks on campo para Ciudad, Andres enters 'Medellin' into campo para Ciudad, Andres types 'ARROW_DOWN' in campo para Ciudad, Andres clicks on campo para Codigo Postal, Andres clicks on campo para Codigo Postal, Andres enters '050015' into campo para Codigo Postal, Andres enters '050015' into campo para Codigo Postal, Andres clicks on campo para PaÃ­s, Andres clicks on campo para Pais, Andres clicks on boton siguiente]]
[Test worker] WARN net.thucydides.core.steps.BaseStepListener - stepStarted: net.thucydides.core.steps.ExecutedStepDescription@3ff291d4
[Test worker] WARN net.thucydides.core.steps.BaseStepListener - stepFinished: current outcome:Registrar usuario en UTest.com:Dado que Andres desea registrarse en la pagina UTest [Andres open up [Andres opens the U test page]], Cuando realiza el registro en la pagina
| Contrasena | Nombre | Apellido | Correo | Dia | Mes | Annio | Ciudad | ZIP | Pais |
| ChoucairTesting2021 | Andres Felipe | Yanquen Niño | andresqqw@hotmail.com | 23 | June | 1996 | Medellin | 050015 | Colombia | [Andres login [Andres clicks on boton despliega el formulario de registro, Andres enters 'Andres Felipe' into campo para primer nombre, Andres enters 'Yanquen Niño' into campo para segundo nombre, Andres enters 'andresqqw@hotmail.com' into campo para email, Andres select June on campo para email, Andres select 23 on campo para email, Andres select 1996 on campo para email, Andres clicks on boton siguiente, Andres clicks on campo para Ciudad, Andres enters 'Medellin' into campo para Ciudad, Andres types 'ARROW_DOWN' in campo para Ciudad, Andres clicks on campo para Codigo Postal, Andres clicks on campo para Codigo Postal, Andres enters '050015' into campo para Codigo Postal, Andres enters '050015' into campo para Codigo Postal, Andres clicks on campo para PaÃ­s, Andres clicks on campo para Pais, Andres clicks on boton siguiente, Andres clicks on campo para Computador]]
[Test worker] WARN net.thucydides.core.steps.BaseStepListener - stepStarted: net.thucydides.core.steps.ExecutedStepDescription@4940cd29
[Test worker] WARN net.thucydides.core.steps.BaseStepListener - stepFinished: current outcome:Registrar usuario en UTest.com:Dado que Andres desea registrarse en la pagina UTest [Andres open up [Andres opens the U test page]], Cuando realiza el registro en la pagina
| Contrasena | Nombre | Apellido | Correo | Dia | Mes | Annio | Ciudad | ZIP | Pais |
| ChoucairTesting2021 | Andres Felipe | Yanquen Niño | andresqqw@hotmail.com | 23 | June | 1996 | Medellin | 050015 | Colombia | [Andres login [Andres clicks on boton despliega el formulario de registro, Andres enters 'Andres Felipe' into campo para primer nombre, Andres enters 'Yanquen Niño' into campo para segundo nombre, Andres enters 'andresqqw@hotmail.com' into campo para email, Andres select June on campo para email, Andres select 23 on campo para email, Andres select 1996 on campo para email, Andres clicks on boton siguiente, Andres clicks on campo para Ciudad, Andres enters 'Medellin' into campo para Ciudad, Andres types 'ARROW_DOWN' in campo para Ciudad, Andres clicks on campo para Codigo Postal, Andres clicks on campo para Codigo Postal, Andres enters '050015' into campo para Codigo Postal, Andres enters '050015' into campo para Codigo Postal, Andres clicks on campo para PaÃ­s, Andres clicks on campo para Pais, Andres clicks on boton siguiente, Andres clicks on campo para Computador, Andres clicks on campo para seleccionar Cmputador]]
[Test worker] WARN net.thucydides.core.steps.BaseStepListener - stepStarted: net.thucydides.core.steps.ExecutedStepDescription@75e09d2b
[Test worker] WARN net.thucydides.core.steps.BaseStepListener - stepFinished: current outcome:Registrar usuario en UTest.com:Dado que Andres desea registrarse en la pagina UTest [Andres open up [Andres opens the U test page]], Cuando realiza el registro en la pagina
| Contrasena | Nombre | Apellido | Correo | Dia | Mes | Annio | Ciudad | ZIP | Pais |
| ChoucairTesting2021 | Andres Felipe | Yanquen Niño | andresqqw@hotmail.com | 23 | June | 1996 | Medellin | 050015 | Colombia | [Andres login [Andres clicks on boton despliega el formulario de registro, Andres enters 'Andres Felipe' into campo para primer nombre, Andres enters 'Yanquen Niño' into campo para segundo nombre, Andres enters 'andresqqw@hotmail.com' into campo para email, Andres select June on campo para email, Andres select 23 on campo para email, Andres select 1996 on campo para email, Andres clicks on boton siguiente, Andres clicks on campo para Ciudad, Andres enters 'Medellin' into campo para Ciudad, Andres types 'ARROW_DOWN' in campo para Ciudad, Andres clicks on campo para Codigo Postal, Andres clicks on campo para Codigo Postal, Andres enters '050015' into campo para Codigo Postal, Andres enters '050015' into campo para Codigo Postal, Andres clicks on campo para PaÃ­s, Andres clicks on campo para Pais, Andres clicks on boton siguiente, Andres clicks on campo para Computador, Andres clicks on campo para seleccionar Cmputador, Andres clicks on campo para Version de Sistema Operativo]]
[Test worker] WARN net.thucydides.core.steps.BaseStepListener - stepStarted: net.thucydides.core.steps.ExecutedStepDescription@64a50302
[Test worker] WARN net.thucydides.core.steps.BaseStepListener - stepFinished: current outcome:Registrar usuario en UTest.com:Dado que Andres desea registrarse en la pagina UTest [Andres open up [Andres opens the U test page]], Cuando realiza el registro en la pagina
| Contrasena | Nombre | Apellido | Correo | Dia | Mes | Annio | Ciudad | ZIP | Pais |
| ChoucairTesting2021 | Andres Felipe | Yanquen Niño | andresqqw@hotmail.com | 23 | June | 1996 | Medellin | 050015 | Colombia | [Andres login [Andres clicks on boton despliega el formulario de registro, Andres enters 'Andres Felipe' into campo para primer nombre, Andres enters 'Yanquen Niño' into campo para segundo nombre, Andres enters 'andresqqw@hotmail.com' into campo para email, Andres select June on campo para email, Andres select 23 on campo para email, Andres select 1996 on campo para email, Andres clicks on boton siguiente, Andres clicks on campo para Ciudad, Andres enters 'Medellin' into campo para Ciudad, Andres types 'ARROW_DOWN' in campo para Ciudad, Andres clicks on campo para Codigo Postal, Andres clicks on campo para Codigo Postal, Andres enters '050015' into campo para Codigo Postal, Andres enters '050015' into campo para Codigo Postal, Andres clicks on campo para PaÃ­s, Andres clicks on campo para Pais, Andres clicks on boton siguiente, Andres clicks on campo para Computador, Andres clicks on campo para seleccionar Cmputador, Andres clicks on campo para Version de Sistema Operativo, Andres clicks on Campo para seleccionar version de sistema operativo]]
[Test worker] WARN net.thucydides.core.steps.BaseStepListener - stepStarted: net.thucydides.core.steps.ExecutedStepDescription@75022678
[Test worker] WARN net.thucydides.core.steps.BaseStepListener - stepFinished: current outcome:Registrar usuario en UTest.com:Dado que Andres desea registrarse en la pagina UTest [Andres open up [Andres opens the U test page]], Cuando realiza el registro en la pagina
| Contrasena | Nombre | Apellido | Correo | Dia | Mes | Annio | Ciudad | ZIP | Pais |
| ChoucairTesting2021 | Andres Felipe | Yanquen Niño | andresqqw@hotmail.com | 23 | June | 1996 | Medellin | 050015 | Colombia | [Andres login [Andres clicks on boton despliega el formulario de registro, Andres enters 'Andres Felipe' into campo para primer nombre, Andres enters 'Yanquen Niño' into campo para segundo nombre, Andres enters 'andresqqw@hotmail.com' into campo para email, Andres select June on campo para email, Andres select 23 on campo para email, Andres select 1996 on campo para email, Andres clicks on boton siguiente, Andres clicks on campo para Ciudad, Andres enters 'Medellin' into campo para Ciudad, Andres types 'ARROW_DOWN' in campo para Ciudad, Andres clicks on campo para Codigo Postal, Andres clicks on campo para Codigo Postal, Andres enters '050015' into campo para Codigo Postal, Andres enters '050015' into campo para Codigo Postal, Andres clicks on campo para PaÃ­s, Andres clicks on campo para Pais, Andres clicks on boton siguiente, Andres clicks on campo para Computador, Andres clicks on campo para seleccionar Cmputador, Andres clicks on campo para Version de Sistema Operativo, Andres clicks on Campo para seleccionar version de sistema operativo, Andres clicks on campo para Lenguaje]]
[Test worker] WARN net.thucydides.core.steps.BaseStepListener - stepStarted: net.thucydides.core.steps.ExecutedStepDescription@5ddd07e0
[Test worker] WARN net.thucydides.core.steps.BaseStepListener - stepFinished: current outcome:Registrar usuario en UTest.com:Dado que Andres desea registrarse en la pagina UTest [Andres open up [Andres opens the U test page]], Cuando realiza el registro en la pagina
| Contrasena | Nombre | Apellido | Correo | Dia | Mes | Annio | Ciudad | ZIP | Pais |
| ChoucairTesting2021 | Andres Felipe | Yanquen Niño | andresqqw@hotmail.com | 23 | June | 1996 | Medellin | 050015 | Colombia | [Andres login [Andres clicks on boton despliega el formulario de registro, Andres enters 'Andres Felipe' into campo para primer nombre, Andres enters 'Yanquen Niño' into campo para segundo nombre, Andres enters 'andresqqw@hotmail.com' into campo para email, Andres select June on campo para email, Andres select 23 on campo para email, Andres select 1996 on campo para email, Andres clicks on boton siguiente, Andres clicks on campo para Ciudad, Andres enters 'Medellin' into campo para Ciudad, Andres types 'ARROW_DOWN' in campo para Ciudad, Andres clicks on campo para Codigo Postal, Andres clicks on campo para Codigo Postal, Andres enters '050015' into campo para Codigo Postal, Andres enters '050015' into campo para Codigo Postal, Andres clicks on campo para PaÃ­s, Andres clicks on campo para Pais, Andres clicks on boton siguiente, Andres clicks on campo para Computador, Andres clicks on campo para seleccionar Cmputador, Andres clicks on campo para Version de Sistema Operativo, Andres clicks on Campo para seleccionar version de sistema operativo, Andres clicks on campo para Lenguaje, Andres clicks on campo para item Lenguaje]]
[Test worker] WARN net.thucydides.core.steps.BaseStepListener - stepStarted: net.thucydides.core.steps.ExecutedStepDescription@3a426c7b
[Test worker] WARN net.thucydides.core.steps.BaseStepListener - stepFinished: current outcome:Registrar usuario en UTest.com:Dado que Andres desea registrarse en la pagina UTest [Andres open up [Andres opens the U test page]], Cuando realiza el registro en la pagina
| Contrasena | Nombre | Apellido | Correo | Dia | Mes | Annio | Ciudad | ZIP | Pais |
| ChoucairTesting2021 | Andres Felipe | Yanquen Niño | andresqqw@hotmail.com | 23 | June | 1996 | Medellin | 050015 | Colombia | [Andres login [Andres clicks on boton despliega el formulario de registro, Andres enters 'Andres Felipe' into campo para primer nombre, Andres enters 'Yanquen Niño' into campo para segundo nombre, Andres enters 'andresqqw@hotmail.com' into campo para email, Andres select June on campo para email, Andres select 23 on campo para email, Andres select 1996 on campo para email, Andres clicks on boton siguiente, Andres clicks on campo para Ciudad, Andres enters 'Medellin' into campo para Ciudad, Andres types 'ARROW_DOWN' in campo para Ciudad, Andres clicks on campo para Codigo Postal, Andres clicks on campo para Codigo Postal, Andres enters '050015' into campo para Codigo Postal, Andres enters '050015' into campo para Codigo Postal, Andres clicks on campo para PaÃ­s, Andres clicks on campo para Pais, Andres clicks on boton siguiente, Andres clicks on campo para Computador, Andres clicks on campo para seleccionar Cmputador, Andres clicks on campo para Version de Sistema Operativo, Andres clicks on Campo para seleccionar version de sistema operativo, Andres clicks on campo para Lenguaje, Andres clicks on campo para item Lenguaje, Andres clicks on campo para marca de Movil]]
[Test worker] WARN net.thucydides.core.steps.BaseStepListener - stepStarted: net.thucydides.core.steps.ExecutedStepDescription@48219330
[Test worker] WARN net.thucydides.core.steps.BaseStepListener - stepFinished: current outcome:Registrar usuario en UTest.com:Dado que Andres desea registrarse en la pagina UTest [Andres open up [Andres opens the U test page]], Cuando realiza el registro en la pagina
| Contrasena | Nombre | Apellido | Correo | Dia | Mes | Annio | Ciudad | ZIP | Pais |
| ChoucairTesting2021 | Andres Felipe | Yanquen Niño | andresqqw@hotmail.com | 23 | June | 1996 | Medellin | 050015 | Colombia | [Andres login [Andres clicks on boton despliega el formulario de registro, Andres enters 'Andres Felipe' into campo para primer nombre, Andres enters 'Yanquen Niño' into campo para segundo nombre, Andres enters 'andresqqw@hotmail.com' into campo para email, Andres select June on campo para email, Andres select 23 on campo para email, Andres select 1996 on campo para email, Andres clicks on boton siguiente, Andres clicks on campo para Ciudad, Andres enters 'Medellin' into campo para Ciudad, Andres types 'ARROW_DOWN' in campo para Ciudad, Andres clicks on campo para Codigo Postal, Andres clicks on campo para Codigo Postal, Andres enters '050015' into campo para Codigo Postal, Andres enters '050015' into campo para Codigo Postal, Andres clicks on campo para PaÃ­s, Andres clicks on campo para Pais, Andres clicks on boton siguiente, Andres clicks on campo para Computador, Andres clicks on campo para seleccionar Cmputador, Andres clicks on campo para Version de Sistema Operativo, Andres clicks on Campo para seleccionar version de sistema operativo, Andres clicks on campo para Lenguaje, Andres clicks on campo para item Lenguaje, Andres clicks on campo para marca de Movil, Andres clicks on campo para marca de Movil]]
[Test worker] WARN net.thucydides.core.steps.BaseStepListener - stepStarted: net.thucydides.core.steps.ExecutedStepDescription@4f67dbf6
[Test worker] WARN net.thucydides.core.steps.BaseStepListener - stepFinished: current outcome:Registrar usuario en UTest.com:Dado que Andres desea registrarse en la pagina UTest [Andres open up [Andres opens the U test page]], Cuando realiza el registro en la pagina
| Contrasena | Nombre | Apellido | Correo | Dia | Mes | Annio | Ciudad | ZIP | Pais |
| ChoucairTesting2021 | Andres Felipe | Yanquen Niño | andresqqw@hotmail.com | 23 | June | 1996 | Medellin | 050015 | Colombia | [Andres login [Andres clicks on boton despliega el formulario de registro, Andres enters 'Andres Felipe' into campo para primer nombre, Andres enters 'Yanquen Niño' into campo para segundo nombre, Andres enters 'andresqqw@hotmail.com' into campo para email, Andres select June on campo para email, Andres select 23 on campo para email, Andres select 1996 on campo para email, Andres clicks on boton siguiente, Andres clicks on campo para Ciudad, Andres enters 'Medellin' into campo para Ciudad, Andres types 'ARROW_DOWN' in campo para Ciudad, Andres clicks on campo para Codigo Postal, Andres clicks on campo para Codigo Postal, Andres enters '050015' into campo para Codigo Postal, Andres enters '050015' into campo para Codigo Postal, Andres clicks on campo para PaÃ­s, Andres clicks on campo para Pais, Andres clicks on boton siguiente, Andres clicks on campo para Computador, Andres clicks on campo para seleccionar Cmputador, Andres clicks on campo para Version de Sistema Operativo, Andres clicks on Campo para seleccionar version de sistema operativo, Andres clicks on campo para Lenguaje, Andres clicks on campo para item Lenguaje, Andres clicks on campo para marca de Movil, Andres clicks on campo para marca de Movil, Andres clicks on campo para item Marca Movil]]
[Test worker] WARN net.thucydides.core.steps.BaseStepListener - stepStarted: net.thucydides.core.steps.ExecutedStepDescription@72634b98
[Test worker] WARN net.thucydides.core.steps.BaseStepListener - stepFinished: current outcome:Registrar usuario en UTest.com:Dado que Andres desea registrarse en la pagina UTest [Andres open up [Andres opens the U test page]], Cuando realiza el registro en la pagina
| Contrasena | Nombre | Apellido | Correo | Dia | Mes | Annio | Ciudad | ZIP | Pais |
| ChoucairTesting2021 | Andres Felipe | Yanquen Niño | andresqqw@hotmail.com | 23 | June | 1996 | Medellin | 050015 | Colombia | [Andres login [Andres clicks on boton despliega el formulario de registro, Andres enters 'Andres Felipe' into campo para primer nombre, Andres enters 'Yanquen Niño' into campo para segundo nombre, Andres enters 'andresqqw@hotmail.com' into campo para email, Andres select June on campo para email, Andres select 23 on campo para email, Andres select 1996 on campo para email, Andres clicks on boton siguiente, Andres clicks on campo para Ciudad, Andres enters 'Medellin' into campo para Ciudad, Andres types 'ARROW_DOWN' in campo para Ciudad, Andres clicks on campo para Codigo Postal, Andres clicks on campo para Codigo Postal, Andres enters '050015' into campo para Codigo Postal, Andres enters '050015' into campo para Codigo Postal, Andres clicks on campo para PaÃ­s, Andres clicks on campo para Pais, Andres clicks on boton siguiente, Andres clicks on campo para Computador, Andres clicks on campo para seleccionar Cmputador, Andres clicks on campo para Version de Sistema Operativo, Andres clicks on Campo para seleccionar version de sistema operativo, Andres clicks on campo para Lenguaje, Andres clicks on campo para item Lenguaje, Andres clicks on campo para marca de Movil, Andres clicks on campo para marca de Movil, Andres clicks on campo para item Marca Movil, Andres clicks on campo para modelo]]
[Test worker] WARN net.thucydides.core.steps.BaseStepListener - stepStarted: net.thucydides.core.steps.ExecutedStepDescription@2efd85a7
[Test worker] WARN net.thucydides.core.steps.BaseStepListener - stepFinished: current outcome:Registrar usuario en UTest.com:Dado que Andres desea registrarse en la pagina UTest [Andres open up [Andres opens the U test page]], Cuando realiza el registro en la pagina
| Contrasena | Nombre | Apellido | Correo | Dia | Mes | Annio | Ciudad | ZIP | Pais |
| ChoucairTesting2021 | Andres Felipe | Yanquen Niño | andresqqw@hotmail.com | 23 | June | 1996 | Medellin | 050015 | Colombia | [Andres login [Andres clicks on boton despliega el formulario de registro, Andres enters 'Andres Felipe' into campo para primer nombre, Andres enters 'Yanquen Niño' into campo para segundo nombre, Andres enters 'andresqqw@hotmail.com' into campo para email, Andres select June on campo para email, Andres select 23 on campo para email, Andres select 1996 on campo para email, Andres clicks on boton siguiente, Andres clicks on campo para Ciudad, Andres enters 'Medellin' into campo para Ciudad, Andres types 'ARROW_DOWN' in campo para Ciudad, Andres clicks on campo para Codigo Postal, Andres clicks on campo para Codigo Postal, Andres enters '050015' into campo para Codigo Postal, Andres enters '050015' into campo para Codigo Postal, Andres clicks on campo para PaÃ­s, Andres clicks on campo para Pais, Andres clicks on boton siguiente, Andres clicks on campo para Computador, Andres clicks on campo para seleccionar Cmputador, Andres clicks on campo para Version de Sistema Operativo, Andres clicks on Campo para seleccionar version de sistema operativo, Andres clicks on campo para Lenguaje, Andres clicks on campo para item Lenguaje, Andres clicks on campo para marca de Movil, Andres clicks on campo para marca de Movil, Andres clicks on campo para item Marca Movil, Andres clicks on campo para modelo, Andres clicks on campo para modelo]]
[Test worker] WARN net.thucydides.core.steps.BaseStepListener - stepStarted: net.thucydides.core.steps.ExecutedStepDescription@75a002ff
[Test worker] WARN net.thucydides.core.steps.BaseStepListener - stepFinished: current outcome:Registrar usuario en UTest.com:Dado que Andres desea registrarse en la pagina UTest [Andres open up [Andres opens the U test page]], Cuando realiza el registro en la pagina
| Contrasena | Nombre | Apellido | Correo | Dia | Mes | Annio | Ciudad | ZIP | Pais |
| ChoucairTesting2021 | Andres Felipe | Yanquen Niño | andresqqw@hotmail.com | 23 | June | 1996 | Medellin | 050015 | Colombia | [Andres login [Andres clicks on boton despliega el formulario de registro, Andres enters 'Andres Felipe' into campo para primer nombre, Andres enters 'Yanquen Niño' into campo para segundo nombre, Andres enters 'andresqqw@hotmail.com' into campo para email, Andres select June on campo para email, Andres select 23 on campo para email, Andres select 1996 on campo para email, Andres clicks on boton siguiente, Andres clicks on campo para Ciudad, Andres enters 'Medellin' into campo para Ciudad, Andres types 'ARROW_DOWN' in campo para Ciudad, Andres clicks on campo para Codigo Postal, Andres clicks on campo para Codigo Postal, Andres enters '050015' into campo para Codigo Postal, Andres enters '050015' into campo para Codigo Postal, Andres clicks on campo para PaÃ­s, Andres clicks on campo para Pais, Andres clicks on boton siguiente, Andres clicks on campo para Computador, Andres clicks on campo para seleccionar Cmputador, Andres clicks on campo para Version de Sistema Operativo, Andres clicks on Campo para seleccionar version de sistema operativo, Andres clicks on campo para Lenguaje, Andres clicks on campo para item Lenguaje, Andres clicks on campo para marca de Movil, Andres clicks on campo para marca de Movil, Andres clicks on campo para item Marca Movil, Andres clicks on campo para modelo, Andres clicks on campo para modelo, Andres clicks on campo para item modelo]]
[Test worker] WARN net.thucydides.core.steps.BaseStepListener - stepStarted: net.thucydides.core.steps.ExecutedStepDescription@25b77e2f
[Test worker] WARN net.thucydides.core.steps.BaseStepListener - stepFinished: current outcome:Registrar usuario en UTest.com:Dado que Andres desea registrarse en la pagina UTest [Andres open up [Andres opens the U test page]], Cuando realiza el registro en la pagina
| Contrasena | Nombre | Apellido | Correo | Dia | Mes | Annio | Ciudad | ZIP | Pais |
| ChoucairTesting2021 | Andres Felipe | Yanquen Niño | andresqqw@hotmail.com | 23 | June | 1996 | Medellin | 050015 | Colombia | [Andres login [Andres clicks on boton despliega el formulario de registro, Andres enters 'Andres Felipe' into campo para primer nombre, Andres enters 'Yanquen Niño' into campo para segundo nombre, Andres enters 'andresqqw@hotmail.com' into campo para email, Andres select June on campo para email, Andres select 23 on campo para email, Andres select 1996 on campo para email, Andres clicks on boton siguiente, Andres clicks on campo para Ciudad, Andres enters 'Medellin' into campo para Ciudad, Andres types 'ARROW_DOWN' in campo para Ciudad, Andres clicks on campo para Codigo Postal, Andres clicks on campo para Codigo Postal, Andres enters '050015' into campo para Codigo Postal, Andres enters '050015' into campo para Codigo Postal, Andres clicks on campo para PaÃ­s, Andres clicks on campo para Pais, Andres clicks on boton siguiente, Andres clicks on campo para Computador, Andres clicks on campo para seleccionar Cmputador, Andres clicks on campo para Version de Sistema Operativo, Andres clicks on Campo para seleccionar version de sistema operativo, Andres clicks on campo para Lenguaje, Andres clicks on campo para item Lenguaje, Andres clicks on campo para marca de Movil, Andres clicks on campo para marca de Movil, Andres clicks on campo para item Marca Movil, Andres clicks on campo para modelo, Andres clicks on campo para modelo, Andres clicks on campo para item modelo, Andres clicks on campo para OS]]
[Test worker] WARN net.thucydides.core.steps.BaseStepListener - stepStarted: net.thucydides.core.steps.ExecutedStepDescription@584c08a7
[Test worker] WARN net.thucydides.core.steps.BaseStepListener - stepFinished: current outcome:Registrar usuario en UTest.com:Dado que Andres desea registrarse en la pagina UTest [Andres open up [Andres opens the U test page]], Cuando realiza el registro en la pagina
| Contrasena | Nombre | Apellido | Correo | Dia | Mes | Annio | Ciudad | ZIP | Pais |
| ChoucairTesting2021 | Andres Felipe | Yanquen Niño | andresqqw@hotmail.com | 23 | June | 1996 | Medellin | 050015 | Colombia | [Andres login [Andres clicks on boton despliega el formulario de registro, Andres enters 'Andres Felipe' into campo para primer nombre, Andres enters 'Yanquen Niño' into campo para segundo nombre, Andres enters 'andresqqw@hotmail.com' into campo para email, Andres select June on campo para email, Andres select 23 on campo para email, Andres select 1996 on campo para email, Andres clicks on boton siguiente, Andres clicks on campo para Ciudad, Andres enters 'Medellin' into campo para Ciudad, Andres types 'ARROW_DOWN' in campo para Ciudad, Andres clicks on campo para Codigo Postal, Andres clicks on campo para Codigo Postal, Andres enters '050015' into campo para Codigo Postal, Andres enters '050015' into campo para Codigo Postal, Andres clicks on campo para PaÃ­s, Andres clicks on campo para Pais, Andres clicks on boton siguiente, Andres clicks on campo para Computador, Andres clicks on campo para seleccionar Cmputador, Andres clicks on campo para Version de Sistema Operativo, Andres clicks on Campo para seleccionar version de sistema operativo, Andres clicks on campo para Lenguaje, Andres clicks on campo para item Lenguaje, Andres clicks on campo para marca de Movil, Andres clicks on campo para marca de Movil, Andres clicks on campo para item Marca Movil, Andres clicks on campo para modelo, Andres clicks on campo para modelo, Andres clicks on campo para item modelo, Andres clicks on campo para OS, Andres clicks on campo para OS]]
[Test worker] WARN net.thucydides.core.steps.BaseStepListener - stepStarted: net.thucydides.core.steps.ExecutedStepDescription@5fa59a23
[Test worker] WARN net.thucydides.core.steps.BaseStepListener - stepFinished: current outcome:Registrar usuario en UTest.com:Dado que Andres desea registrarse en la pagina UTest [Andres open up [Andres opens the U test page]], Cuando realiza el registro en la pagina
| Contrasena | Nombre | Apellido | Correo | Dia | Mes | Annio | Ciudad | ZIP | Pais |
| ChoucairTesting2021 | Andres Felipe | Yanquen Niño | andresqqw@hotmail.com | 23 | June | 1996 | Medellin | 050015 | Colombia | [Andres login [Andres clicks on boton despliega el formulario de registro, Andres enters 'Andres Felipe' into campo para primer nombre, Andres enters 'Yanquen Niño' into campo para segundo nombre, Andres enters 'andresqqw@hotmail.com' into campo para email, Andres select June on campo para email, Andres select 23 on campo para email, Andres select 1996 on campo para email, Andres clicks on boton siguiente, Andres clicks on campo para Ciudad, Andres enters 'Medellin' into campo para Ciudad, Andres types 'ARROW_DOWN' in campo para Ciudad, Andres clicks on campo para Codigo Postal, Andres clicks on campo para Codigo Postal, Andres enters '050015' into campo para Codigo Postal, Andres enters '050015' into campo para Codigo Postal, Andres clicks on campo para PaÃ­s, Andres clicks on campo para Pais, Andres clicks on boton siguiente, Andres clicks on campo para Computador, Andres clicks on campo para seleccionar Cmputador, Andres clicks on campo para Version de Sistema Operativo, Andres clicks on Campo para seleccionar version de sistema operativo, Andres clicks on campo para Lenguaje, Andres clicks on campo para item Lenguaje, Andres clicks on campo para marca de Movil, Andres clicks on campo para marca de Movil, Andres clicks on campo para item Marca Movil, Andres clicks on campo para modelo, Andres clicks on campo para modelo, Andres clicks on campo para item modelo, Andres clicks on campo para OS, Andres clicks on campo para OS, Andres clicks on campo para item OS]]
[Test worker] WARN net.thucydides.core.steps.BaseStepListener - stepStarted: net.thucydides.core.steps.ExecutedStepDescription@713ace66
[Test worker] WARN net.thucydides.core.steps.BaseStepListener - stepFinished: current outcome:Registrar usuario en UTest.com:Dado que Andres desea registrarse en la pagina UTest [Andres open up [Andres opens the U test page]], Cuando realiza el registro en la pagina
| Contrasena | Nombre | Apellido | Correo | Dia | Mes | Annio | Ciudad | ZIP | Pais |
| ChoucairTesting2021 | Andres Felipe | Yanquen Niño | andresqqw@hotmail.com | 23 | June | 1996 | Medellin | 050015 | Colombia | [Andres login [Andres clicks on boton despliega el formulario de registro, Andres enters 'Andres Felipe' into campo para primer nombre, Andres enters 'Yanquen Niño' into campo para segundo nombre, Andres enters 'andresqqw@hotmail.com' into campo para email, Andres select June on campo para email, Andres select 23 on campo para email, Andres select 1996 on campo para email, Andres clicks on boton siguiente, Andres clicks on campo para Ciudad, Andres enters 'Medellin' into campo para Ciudad, Andres types 'ARROW_DOWN' in campo para Ciudad, Andres clicks on campo para Codigo Postal, Andres clicks on campo para Codigo Postal, Andres enters '050015' into campo para Codigo Postal, Andres enters '050015' into campo para Codigo Postal, Andres clicks on campo para PaÃ­s, Andres clicks on campo para Pais, Andres clicks on boton siguiente, Andres clicks on campo para Computador, Andres clicks on campo para seleccionar Cmputador, Andres clicks on campo para Version de Sistema Operativo, Andres clicks on Campo para seleccionar version de sistema operativo, Andres clicks on campo para Lenguaje, Andres clicks on campo para item Lenguaje, Andres clicks on campo para marca de Movil, Andres clicks on campo para marca de Movil, Andres clicks on campo para item Marca Movil, Andres clicks on campo para modelo, Andres clicks on campo para modelo, Andres clicks on campo para item modelo, Andres clicks on campo para OS, Andres clicks on campo para OS, Andres clicks on campo para item OS, Andres clicks on campo para boton siguiente ultima parte]]
[Test worker] WARN net.thucydides.core.steps.BaseStepListener - stepStarted: net.thucydides.core.steps.ExecutedStepDescription@795e7fca
[Test worker] WARN net.thucydides.core.steps.BaseStepListener - stepFinished: current outcome:Registrar usuario en UTest.com:Dado que Andres desea registrarse en la pagina UTest [Andres open up [Andres opens the U test page]], Cuando realiza el registro en la pagina
| Contrasena | Nombre | Apellido | Correo | Dia | Mes | Annio | Ciudad | ZIP | Pais |
| ChoucairTesting2021 | Andres Felipe | Yanquen Niño | andresqqw@hotmail.com | 23 | June | 1996 | Medellin | 050015 | Colombia | [Andres login [Andres clicks on boton despliega el formulario de registro, Andres enters 'Andres Felipe' into campo para primer nombre, Andres enters 'Yanquen Niño' into campo para segundo nombre, Andres enters 'andresqqw@hotmail.com' into campo para email, Andres select June on campo para email, Andres select 23 on campo para email, Andres select 1996 on campo para email, Andres clicks on boton siguiente, Andres clicks on campo para Ciudad, Andres enters 'Medellin' into campo para Ciudad, Andres types 'ARROW_DOWN' in campo para Ciudad, Andres clicks on campo para Codigo Postal, Andres clicks on campo para Codigo Postal, Andres enters '050015' into campo para Codigo Postal, Andres enters '050015' into campo para Codigo Postal, Andres clicks on campo para PaÃ­s, Andres clicks on campo para Pais, Andres clicks on boton siguiente, Andres clicks on campo para Computador, Andres clicks on campo para seleccionar Cmputador, Andres clicks on campo para Version de Sistema Operativo, Andres clicks on Campo para seleccionar version de sistema operativo, Andres clicks on campo para Lenguaje, Andres clicks on campo para item Lenguaje, Andres clicks on campo para marca de Movil, Andres clicks on campo para marca de Movil, Andres clicks on campo para item Marca Movil, Andres clicks on campo para modelo, Andres clicks on campo para modelo, Andres clicks on campo para item modelo, Andres clicks on campo para OS, Andres clicks on campo para OS, Andres clicks on campo para item OS, Andres clicks on campo para boton siguiente ultima parte, Andres clicks on campo para contraseÃ±a]]
[Test worker] WARN net.thucydides.core.steps.BaseStepListener - stepStarted: net.thucydides.core.steps.ExecutedStepDescription@cfeb7d3
[Test worker] WARN net.thucydides.core.steps.BaseStepListener - stepFinished: current outcome:Registrar usuario en UTest.com:Dado que Andres desea registrarse en la pagina UTest [Andres open up [Andres opens the U test page]], Cuando realiza el registro en la pagina
| Contrasena | Nombre | Apellido | Correo | Dia | Mes | Annio | Ciudad | ZIP | Pais |
| ChoucairTesting2021 | Andres Felipe | Yanquen Niño | andresqqw@hotmail.com | 23 | June | 1996 | Medellin | 050015 | Colombia | [Andres login [Andres clicks on boton despliega el formulario de registro, Andres enters 'Andres Felipe' into campo para primer nombre, Andres enters 'Yanquen Niño' into campo para segundo nombre, Andres enters 'andresqqw@hotmail.com' into campo para email, Andres select June on campo para email, Andres select 23 on campo para email, Andres select 1996 on campo para email, Andres clicks on boton siguiente, Andres clicks on campo para Ciudad, Andres enters 'Medellin' into campo para Ciudad, Andres types 'ARROW_DOWN' in campo para Ciudad, Andres clicks on campo para Codigo Postal, Andres clicks on campo para Codigo Postal, Andres enters '050015' into campo para Codigo Postal, Andres enters '050015' into campo para Codigo Postal, Andres clicks on campo para PaÃ­s, Andres clicks on campo para Pais, Andres clicks on boton siguiente, Andres clicks on campo para Computador, Andres clicks on campo para seleccionar Cmputador, Andres clicks on campo para Version de Sistema Operativo, Andres clicks on Campo para seleccionar version de sistema operativo, Andres clicks on campo para Lenguaje, Andres clicks on campo para item Lenguaje, Andres clicks on campo para marca de Movil, Andres clicks on campo para marca de Movil, Andres clicks on campo para item Marca Movil, Andres clicks on campo para modelo, Andres clicks on campo para modelo, Andres clicks on campo para item modelo, Andres clicks on campo para OS, Andres clicks on campo para OS, Andres clicks on campo para item OS, Andres clicks on campo para boton siguiente ultima parte, Andres clicks on campo para contraseÃ±a, Andres enters 'ChoucairTesting2021' into campo para contraseÃ±a]]
[Test worker] WARN net.thucydides.core.steps.BaseStepListener - stepStarted: net.thucydides.core.steps.ExecutedStepDescription@1526bf11
[Test worker] WARN net.thucydides.core.steps.BaseStepListener - stepFinished: current outcome:Registrar usuario en UTest.com:Dado que Andres desea registrarse en la pagina UTest [Andres open up [Andres opens the U test page]], Cuando realiza el registro en la pagina
| Contrasena | Nombre | Apellido | Correo | Dia | Mes | Annio | Ciudad | ZIP | Pais |
| ChoucairTesting2021 | Andres Felipe | Yanquen Niño | andresqqw@hotmail.com | 23 | June | 1996 | Medellin | 050015 | Colombia | [Andres login [Andres clicks on boton despliega el formulario de registro, Andres enters 'Andres Felipe' into campo para primer nombre, Andres enters 'Yanquen Niño' into campo para segundo nombre, Andres enters 'andresqqw@hotmail.com' into campo para email, Andres select June on campo para email, Andres select 23 on campo para email, Andres select 1996 on campo para email, Andres clicks on boton siguiente, Andres clicks on campo para Ciudad, Andres enters 'Medellin' into campo para Ciudad, Andres types 'ARROW_DOWN' in campo para Ciudad, Andres clicks on campo para Codigo Postal, Andres clicks on campo para Codigo Postal, Andres enters '050015' into campo para Codigo Postal, Andres enters '050015' into campo para Codigo Postal, Andres clicks on campo para PaÃ­s, Andres clicks on campo para Pais, Andres clicks on boton siguiente, Andres clicks on campo para Computador, Andres clicks on campo para seleccionar Cmputador, Andres clicks on campo para Version de Sistema Operativo, Andres clicks on Campo para seleccionar version de sistema operativo, Andres clicks on campo para Lenguaje, Andres clicks on campo para item Lenguaje, Andres clicks on campo para marca de Movil, Andres clicks on campo para marca de Movil, Andres clicks on campo para item Marca Movil, Andres clicks on campo para modelo, Andres clicks on campo para modelo, Andres clicks on campo para item modelo, Andres clicks on campo para OS, Andres clicks on campo para OS, Andres clicks on campo para item OS, Andres clicks on campo para boton siguiente ultima parte, Andres clicks on campo para contraseÃ±a, Andres enters 'ChoucairTesting2021' into campo para contraseÃ±a, Andres clicks on campo para contraseÃ±a]]
[Test worker] WARN net.thucydides.core.steps.BaseStepListener - stepStarted: net.thucydides.core.steps.ExecutedStepDescription@1d87b581
[Test worker] WARN net.thucydides.core.steps.BaseStepListener - stepFinished: current outcome:Registrar usuario en UTest.com:Dado que Andres desea registrarse en la pagina UTest [Andres open up [Andres opens the U test page]], Cuando realiza el registro en la pagina
| Contrasena | Nombre | Apellido | Correo | Dia | Mes | Annio | Ciudad | ZIP | Pais |
| ChoucairTesting2021 | Andres Felipe | Yanquen Niño | andresqqw@hotmail.com | 23 | June | 1996 | Medellin | 050015 | Colombia | [Andres login [Andres clicks on boton despliega el formulario de registro, Andres enters 'Andres Felipe' into campo para primer nombre, Andres enters 'Yanquen Niño' into campo para segundo nombre, Andres enters 'andresqqw@hotmail.com' into campo para email, Andres select June on campo para email, Andres select 23 on campo para email, Andres select 1996 on campo para email, Andres clicks on boton siguiente, Andres clicks on campo para Ciudad, Andres enters 'Medellin' into campo para Ciudad, Andres types 'ARROW_DOWN' in campo para Ciudad, Andres clicks on campo para Codigo Postal, Andres clicks on campo para Codigo Postal, Andres enters '050015' into campo para Codigo Postal, Andres enters '050015' into campo para Codigo Postal, Andres clicks on campo para PaÃ­s, Andres clicks on campo para Pais, Andres clicks on boton siguiente, Andres clicks on campo para Computador, Andres clicks on campo para seleccionar Cmputador, Andres clicks on campo para Version de Sistema Operativo, Andres clicks on Campo para seleccionar version de sistema operativo, Andres clicks on campo para Lenguaje, Andres clicks on campo para item Lenguaje, Andres clicks on campo para marca de Movil, Andres clicks on campo para marca de Movil, Andres clicks on campo para item Marca Movil, Andres clicks on campo para modelo, Andres clicks on campo para modelo, Andres clicks on campo para item modelo, Andres clicks on campo para OS, Andres clicks on campo para OS, Andres clicks on campo para item OS, Andres clicks on campo para boton siguiente ultima parte, Andres clicks on campo para contraseÃ±a, Andres enters 'ChoucairTesting2021' into campo para contraseÃ±a, Andres clicks on campo para contraseÃ±a, Andres enters 'ChoucairTesting2021' into campo para contraseÃ±a]]
[Test worker] WARN net.thucydides.core.steps.BaseStepListener - stepStarted: net.thucydides.core.steps.ExecutedStepDescription@e2d4f6f
[Test worker] WARN net.thucydides.core.steps.BaseStepListener - stepFinished: current outcome:Registrar usuario en UTest.com:Dado que Andres desea registrarse en la pagina UTest [Andres open up [Andres opens the U test page]], Cuando realiza el registro en la pagina
| Contrasena | Nombre | Apellido | Correo | Dia | Mes | Annio | Ciudad | ZIP | Pais |
| ChoucairTesting2021 | Andres Felipe | Yanquen Niño | andresqqw@hotmail.com | 23 | June | 1996 | Medellin | 050015 | Colombia | [Andres login [Andres clicks on boton despliega el formulario de registro, Andres enters 'Andres Felipe' into campo para primer nombre, Andres enters 'Yanquen Niño' into campo para segundo nombre, Andres enters 'andresqqw@hotmail.com' into campo para email, Andres select June on campo para email, Andres select 23 on campo para email, Andres select 1996 on campo para email, Andres clicks on boton siguiente, Andres clicks on campo para Ciudad, Andres enters 'Medellin' into campo para Ciudad, Andres types 'ARROW_DOWN' in campo para Ciudad, Andres clicks on campo para Codigo Postal, Andres clicks on campo para Codigo Postal, Andres enters '050015' into campo para Codigo Postal, Andres enters '050015' into campo para Codigo Postal, Andres clicks on campo para PaÃ­s, Andres clicks on campo para Pais, Andres clicks on boton siguiente, Andres clicks on campo para Computador, Andres clicks on campo para seleccionar Cmputador, Andres clicks on campo para Version de Sistema Operativo, Andres clicks on Campo para seleccionar version de sistema operativo, Andres clicks on campo para Lenguaje, Andres clicks on campo para item Lenguaje, Andres clicks on campo para marca de Movil, Andres clicks on campo para marca de Movil, Andres clicks on campo para item Marca Movil, Andres clicks on campo para modelo, Andres clicks on campo para modelo, Andres clicks on campo para item modelo, Andres clicks on campo para OS, Andres clicks on campo para OS, Andres clicks on campo para item OS, Andres clicks on campo para boton siguiente ultima parte, Andres clicks on campo para contraseÃ±a, Andres enters 'ChoucairTesting2021' into campo para contraseÃ±a, Andres clicks on campo para contraseÃ±a, Andres enters 'ChoucairTesting2021' into campo para contraseÃ±a, Andres clicks on campo para contraseÃ±a]]
[Test worker] WARN net.thucydides.core.steps.BaseStepListener - stepStarted: net.thucydides.core.steps.ExecutedStepDescription@3b0cffb2
[Test worker] WARN net.thucydides.core.steps.BaseStepListener - stepFinished: current outcome:Registrar usuario en UTest.com:Dado que Andres desea registrarse en la pagina UTest [Andres open up [Andres opens the U test page]], Cuando realiza el registro en la pagina
| Contrasena | Nombre | Apellido | Correo | Dia | Mes | Annio | Ciudad | ZIP | Pais |
| ChoucairTesting2021 | Andres Felipe | Yanquen Niño | andresqqw@hotmail.com | 23 | June | 1996 | Medellin | 050015 | Colombia | [Andres login [Andres clicks on boton despliega el formulario de registro, Andres enters 'Andres Felipe' into campo para primer nombre, Andres enters 'Yanquen Niño' into campo para segundo nombre, Andres enters 'andresqqw@hotmail.com' into campo para email, Andres select June on campo para email, Andres select 23 on campo para email, Andres select 1996 on campo para email, Andres clicks on boton siguiente, Andres clicks on campo para Ciudad, Andres enters 'Medellin' into campo para Ciudad, Andres types 'ARROW_DOWN' in campo para Ciudad, Andres clicks on campo para Codigo Postal, Andres clicks on campo para Codigo Postal, Andres enters '050015' into campo para Codigo Postal, Andres enters '050015' into campo para Codigo Postal, Andres clicks on campo para PaÃ­s, Andres clicks on campo para Pais, Andres clicks on boton siguiente, Andres clicks on campo para Computador, Andres clicks on campo para seleccionar Cmputador, Andres clicks on campo para Version de Sistema Operativo, Andres clicks on Campo para seleccionar version de sistema operativo, Andres clicks on campo para Lenguaje, Andres clicks on campo para item Lenguaje, Andres clicks on campo para marca de Movil, Andres clicks on campo para marca de Movil, Andres clicks on campo para item Marca Movil, Andres clicks on campo para modelo, Andres clicks on campo para modelo, Andres clicks on campo para item modelo, Andres clicks on campo para OS, Andres clicks on campo para OS, Andres clicks on campo para item OS, Andres clicks on campo para boton siguiente ultima parte, Andres clicks on campo para contraseÃ±a, Andres enters 'ChoucairTesting2021' into campo para contraseÃ±a, Andres clicks on campo para contraseÃ±a, Andres enters 'ChoucairTesting2021' into campo para contraseÃ±a, Andres clicks on campo para contraseÃ±a, Andres clicks on campo para contraseÃ±a]]
[Test worker] WARN net.thucydides.core.steps.BaseStepListener - stepStarted: net.thucydides.core.steps.ExecutedStepDescription@598b2632
[Test worker] WARN net.thucydides.core.steps.BaseStepListener - stepFinished: current outcome:Registrar usuario en UTest.com:Dado que Andres desea registrarse en la pagina UTest [Andres open up [Andres opens the U test page]], Cuando realiza el registro en la pagina
| Contrasena | Nombre | Apellido | Correo | Dia | Mes | Annio | Ciudad | ZIP | Pais |
| ChoucairTesting2021 | Andres Felipe | Yanquen Niño | andresqqw@hotmail.com | 23 | June | 1996 | Medellin | 050015 | Colombia | [Andres login [Andres clicks on boton despliega el formulario de registro, Andres enters 'Andres Felipe' into campo para primer nombre, Andres enters 'Yanquen Niño' into campo para segundo nombre, Andres enters 'andresqqw@hotmail.com' into campo para email, Andres select June on campo para email, Andres select 23 on campo para email, Andres select 1996 on campo para email, Andres clicks on boton siguiente, Andres clicks on campo para Ciudad, Andres enters 'Medellin' into campo para Ciudad, Andres types 'ARROW_DOWN' in campo para Ciudad, Andres clicks on campo para Codigo Postal, Andres clicks on campo para Codigo Postal, Andres enters '050015' into campo para Codigo Postal, Andres enters '050015' into campo para Codigo Postal, Andres clicks on campo para PaÃ­s, Andres clicks on campo para Pais, Andres clicks on boton siguiente, Andres clicks on campo para Computador, Andres clicks on campo para seleccionar Cmputador, Andres clicks on campo para Version de Sistema Operativo, Andres clicks on Campo para seleccionar version de sistema operativo, Andres clicks on campo para Lenguaje, Andres clicks on campo para item Lenguaje, Andres clicks on campo para marca de Movil, Andres clicks on campo para marca de Movil, Andres clicks on campo para item Marca Movil, Andres clicks on campo para modelo, Andres clicks on campo para modelo, Andres clicks on campo para item modelo, Andres clicks on campo para OS, Andres clicks on campo para OS, Andres clicks on campo para item OS, Andres clicks on campo para boton siguiente ultima parte, Andres clicks on campo para contraseÃ±a, Andres enters 'ChoucairTesting2021' into campo para contraseÃ±a, Andres clicks on campo para contraseÃ±a, Andres enters 'ChoucairTesting2021' into campo para contraseÃ±a, Andres clicks on campo para contraseÃ±a, Andres clicks on campo para contraseÃ±a, Andres clicks on campo para contraseÃ±a]]
[Test worker] WARN net.thucydides.core.steps.BaseStepListener - stepStarted: net.thucydides.core.steps.ExecutedStepDescription@1d42f08
[Test worker] WARN net.thucydides.core.steps.BaseStepListener - stepFinished: current outcome:Registrar usuario en UTest.com:Dado que Andres desea registrarse en la pagina UTest [Andres open up [Andres opens the U test page]], Cuando realiza el registro en la pagina
| Contrasena | Nombre | Apellido | Correo | Dia | Mes | Annio | Ciudad | ZIP | Pais |
| ChoucairTesting2021 | Andres Felipe | Yanquen Niño | andresqqw@hotmail.com | 23 | June | 1996 | Medellin | 050015 | Colombia | [Andres login [Andres clicks on boton despliega el formulario de registro, Andres enters 'Andres Felipe' into campo para primer nombre, Andres enters 'Yanquen Niño' into campo para segundo nombre, Andres enters 'andresqqw@hotmail.com' into campo para email, Andres select June on campo para email, Andres select 23 on campo para email, Andres select 1996 on campo para email, Andres clicks on boton siguiente, Andres clicks on campo para Ciudad, Andres enters 'Medellin' into campo para Ciudad, Andres types 'ARROW_DOWN' in campo para Ciudad, Andres clicks on campo para Codigo Postal, Andres clicks on campo para Codigo Postal, Andres enters '050015' into campo para Codigo Postal, Andres enters '050015' into campo para Codigo Postal, Andres clicks on campo para PaÃ­s, Andres clicks on campo para Pais, Andres clicks on boton siguiente, Andres clicks on campo para Computador, Andres clicks on campo para seleccionar Cmputador, Andres clicks on campo para Version de Sistema Operativo, Andres clicks on Campo para seleccionar version de sistema operativo, Andres clicks on campo para Lenguaje, Andres clicks on campo para item Lenguaje, Andres clicks on campo para marca de Movil, Andres clicks on campo para marca de Movil, Andres clicks on campo para item Marca Movil, Andres clicks on campo para modelo, Andres clicks on campo para modelo, Andres clicks on campo para item modelo, Andres clicks on campo para OS, Andres clicks on campo para OS, Andres clicks on campo para item OS, Andres clicks on campo para boton siguiente ultima parte, Andres clicks on campo para contraseÃ±a, Andres enters 'ChoucairTesting2021' into campo para contraseÃ±a, Andres clicks on campo para contraseÃ±a, Andres enters 'ChoucairTesting2021' into campo para contraseÃ±a, Andres clicks on campo para contraseÃ±a, Andres clicks on campo para contraseÃ±a, Andres clicks on campo para contraseÃ±a, Andres clicks on campo para contraseÃ±a]]
[Test worker] WARN net.thucydides.core.steps.BaseStepListener - stepFinished: current outcome:Registrar usuario en UTest.com:Dado que Andres desea registrarse en la pagina UTest [Andres open up [Andres opens the U test page]], Cuando realiza el registro en la pagina
| Contrasena | Nombre | Apellido | Correo | Dia | Mes | Annio | Ciudad | ZIP | Pais |
| ChoucairTesting2021 | Andres Felipe | Yanquen Niño | andresqqw@hotmail.com | 23 | June | 1996 | Medellin | 050015 | Colombia | [Andres login [Andres clicks on boton despliega el formulario de registro, Andres enters 'Andres Felipe' into campo para primer nombre, Andres enters 'Yanquen Niño' into campo para segundo nombre, Andres enters 'andresqqw@hotmail.com' into campo para email, Andres select June on campo para email, Andres select 23 on campo para email, Andres select 1996 on campo para email, Andres clicks on boton siguiente, Andres clicks on campo para Ciudad, Andres enters 'Medellin' into campo para Ciudad, Andres types 'ARROW_DOWN' in campo para Ciudad, Andres clicks on campo para Codigo Postal, Andres clicks on campo para Codigo Postal, Andres enters '050015' into campo para Codigo Postal, Andres enters '050015' into campo para Codigo Postal, Andres clicks on campo para PaÃ­s, Andres clicks on campo para Pais, Andres clicks on boton siguiente, Andres clicks on campo para Computador, Andres clicks on campo para seleccionar Cmputador, Andres clicks on campo para Version de Sistema Operativo, Andres clicks on Campo para seleccionar version de sistema operativo, Andres clicks on campo para Lenguaje, Andres clicks on campo para item Lenguaje, Andres clicks on campo para marca de Movil, Andres clicks on campo para marca de Movil, Andres clicks on campo para item Marca Movil, Andres clicks on campo para modelo, Andres clicks on campo para modelo, Andres clicks on campo para item modelo, Andres clicks on campo para OS, Andres clicks on campo para OS, Andres clicks on campo para item OS, Andres clicks on campo para boton siguiente ultima parte, Andres clicks on campo para contraseÃ±a, Andres enters 'ChoucairTesting2021' into campo para contraseÃ±a, Andres clicks on campo para contraseÃ±a, Andres enters 'ChoucairTesting2021' into campo para contraseÃ±a, Andres clicks on campo para contraseÃ±a, Andres clicks on campo para contraseÃ±a, Andres clicks on campo para contraseÃ±a, Andres clicks on campo para contraseÃ±a]]
[Test worker] WARN net.thucydides.core.steps.BaseStepListener - stepFinished: current outcome:Registrar usuario en UTest.com:Dado que Andres desea registrarse en la pagina UTest [Andres open up [Andres opens the U test page]], Cuando realiza el registro en la pagina
| Contrasena | Nombre | Apellido | Correo | Dia | Mes | Annio | Ciudad | ZIP | Pais |
| ChoucairTesting2021 | Andres Felipe | Yanquen Niño | andresqqw@hotmail.com | 23 | June | 1996 | Medellin | 050015 | Colombia | [Andres login [Andres clicks on boton despliega el formulario de registro, Andres enters 'Andres Felipe' into campo para primer nombre, Andres enters 'Yanquen Niño' into campo para segundo nombre, Andres enters 'andresqqw@hotmail.com' into campo para email, Andres select June on campo para email, Andres select 23 on campo para email, Andres select 1996 on campo para email, Andres clicks on boton siguiente, Andres clicks on campo para Ciudad, Andres enters 'Medellin' into campo para Ciudad, Andres types 'ARROW_DOWN' in campo para Ciudad, Andres clicks on campo para Codigo Postal, Andres clicks on campo para Codigo Postal, Andres enters '050015' into campo para Codigo Postal, Andres enters '050015' into campo para Codigo Postal, Andres clicks on campo para PaÃ­s, Andres clicks on campo para Pais, Andres clicks on boton siguiente, Andres clicks on campo para Computador, Andres clicks on campo para seleccionar Cmputador, Andres clicks on campo para Version de Sistema Operativo, Andres clicks on Campo para seleccionar version de sistema operativo, Andres clicks on campo para Lenguaje, Andres clicks on campo para item Lenguaje, Andres clicks on campo para marca de Movil, Andres clicks on campo para marca de Movil, Andres clicks on campo para item Marca Movil, Andres clicks on campo para modelo, Andres clicks on campo para modelo, Andres clicks on campo para item modelo, Andres clicks on campo para OS, Andres clicks on campo para OS, Andres clicks on campo para item OS, Andres clicks on campo para boton siguiente ultima parte, Andres clicks on campo para contraseÃ±a, Andres enters 'ChoucairTesting2021' into campo para contraseÃ±a, Andres clicks on campo para contraseÃ±a, Andres enters 'ChoucairTesting2021' into campo para contraseÃ±a, Andres clicks on campo para contraseÃ±a, Andres clicks on campo para contraseÃ±a, Andres clicks on campo para contraseÃ±a, Andres clicks on campo para contraseÃ±a]]
[Test worker] WARN net.thucydides.core.steps.BaseStepListener - stepStarted: net.thucydides.core.steps.ExecutedStepDescription@1c5f076b
[Test worker] WARN net.thucydides.core.steps.BaseStepListener - stepStarted: net.thucydides.core.steps.ExecutedStepDescription@256d5a5e
[Test worker] WARN net.thucydides.core.steps.BaseStepListener - testFinished: Registrar usuario en UTest.com:Dado que Andres desea registrarse en la pagina UTest [Andres open up [Andres opens the U test page]], Cuando realiza el registro en la pagina
| Contrasena | Nombre | Apellido | Correo | Dia | Mes | Annio | Ciudad | ZIP | Pais |
| ChoucairTesting2021 | Andres Felipe | Yanquen Niño | andresqqw@hotmail.com | 23 | June | 1996 | Medellin | 050015 | Colombia | [Andres login [Andres clicks on boton despliega el formulario de registro, Andres enters 'Andres Felipe' into campo para primer nombre, Andres enters 'Yanquen Niño' into campo para segundo nombre, Andres enters 'andresqqw@hotmail.com' into campo para email, Andres select June on campo para email, Andres select 23 on campo para email, Andres select 1996 on campo para email, Andres clicks on boton siguiente, Andres clicks on campo para Ciudad, Andres enters 'Medellin' into campo para Ciudad, Andres types 'ARROW_DOWN' in campo para Ciudad, Andres clicks on campo para Codigo Postal, Andres clicks on campo para Codigo Postal, Andres enters '050015' into campo para Codigo Postal, Andres enters '050015' into campo para Codigo Postal, Andres clicks on campo para PaÃ­s, Andres clicks on campo para Pais, Andres clicks on boton siguiente, Andres clicks on campo para Computador, Andres clicks on campo para seleccionar Cmputador, Andres clicks on campo para Version de Sistema Operativo, Andres clicks on Campo para seleccionar version de sistema operativo, Andres clicks on campo para Lenguaje, Andres clicks on campo para item Lenguaje, Andres clicks on campo para marca de Movil, Andres clicks on campo para marca de Movil, Andres clicks on campo para item Marca Movil, Andres clicks on campo para modelo, Andres clicks on campo para modelo, Andres clicks on campo para item modelo, Andres clicks on campo para OS, Andres clicks on campo para OS, Andres clicks on campo para item OS, Andres clicks on campo para boton siguiente ultima parte, Andres clicks on campo para contraseÃ±a, Andres enters 'ChoucairTesting2021' into campo para contraseÃ±a, Andres clicks on campo para contraseÃ±a, Andres enters 'ChoucairTesting2021' into campo para contraseÃ±a, Andres clicks on campo para contraseÃ±a, Andres clicks on campo para contraseÃ±a, Andres clicks on campo para contraseÃ±a, Andres clicks on campo para contraseÃ±a]], Entonces el verifica que se realizo el registro con la pantalla Welcome to the world's largest community of freelance software testers! [Then answer]
[Test worker] WARN net.thucydides.core.steps.BaseStepListener - TestOutcomes: [Registrar usuario en UTest.com:Dado que Andres desea registrarse en la pagina UTest [Andres open up [Andres opens the U test page]], Cuando realiza el registro en la pagina
| Contrasena | Nombre | Apellido | Correo | Dia | Mes | Annio | Ciudad | ZIP | Pais |
| ChoucairTesting2021 | Andres Felipe | Yanquen Niño | andresqqw@hotmail.com | 23 | June | 1996 | Medellin | 050015 | Colombia | [Andres login [Andres clicks on boton despliega el formulario de registro, Andres enters 'Andres Felipe' into campo para primer nombre, Andres enters 'Yanquen Niño' into campo para segundo nombre, Andres enters 'andresqqw@hotmail.com' into campo para email, Andres select June on campo para email, Andres select 23 on campo para email, Andres select 1996 on campo para email, Andres clicks on boton siguiente, Andres clicks on campo para Ciudad, Andres enters 'Medellin' into campo para Ciudad, Andres types 'ARROW_DOWN' in campo para Ciudad, Andres clicks on campo para Codigo Postal, Andres clicks on campo para Codigo Postal, Andres enters '050015' into campo para Codigo Postal, Andres enters '050015' into campo para Codigo Postal, Andres clicks on campo para PaÃ­s, Andres clicks on campo para Pais, Andres clicks on boton siguiente, Andres clicks on campo para Computador, Andres clicks on campo para seleccionar Cmputador, Andres clicks on campo para Version de Sistema Operativo, Andres clicks on Campo para seleccionar version de sistema operativo, Andres clicks on campo para Lenguaje, Andres clicks on campo para item Lenguaje, Andres clicks on campo para marca de Movil, Andres clicks on campo para marca de Movil, Andres clicks on campo para item Marca Movil, Andres clicks on campo para modelo, Andres clicks on campo para modelo, Andres clicks on campo para item modelo, Andres clicks on campo para OS, Andres clicks on campo para OS, Andres clicks on campo para item OS, Andres clicks on campo para boton siguiente ultima parte, Andres clicks on campo para contraseÃ±a, Andres enters 'ChoucairTesting2021' into campo para contraseÃ±a, Andres clicks on campo para contraseÃ±a, Andres enters 'ChoucairTesting2021' into campo para contraseÃ±a, Andres clicks on campo para contraseÃ±a, Andres clicks on campo para contraseÃ±a, Andres clicks on campo para contraseÃ±a, Andres clicks on campo para contraseÃ±a]], Entonces el verifica que se realizo el registro con la pantalla Welcome to the world's largest community of freelance software testers! [Then answer]]
[Test worker] WARN net.thucydides.core.steps.BaseStepListener - Final testOutcomes: [Registrar usuario en UTest.com:Dado que Andres desea registrarse en la pagina UTest [Andres open up [Andres opens the U test page]], Cuando realiza el registro en la pagina
| Contrasena | Nombre | Apellido | Correo | Dia | Mes | Annio | Ciudad | ZIP | Pais |
| ChoucairTesting2021 | Andres Felipe | Yanquen Niño | andresqqw@hotmail.com | 23 | June | 1996 | Medellin | 050015 | Colombia | [Andres login [Andres clicks on boton despliega el formulario de registro, Andres enters 'Andres Felipe' into campo para primer nombre, Andres enters 'Yanquen Niño' into campo para segundo nombre, Andres enters 'andresqqw@hotmail.com' into campo para email, Andres select June on campo para email, Andres select 23 on campo para email, Andres select 1996 on campo para email, Andres clicks on boton siguiente, Andres clicks on campo para Ciudad, Andres enters 'Medellin' into campo para Ciudad, Andres types 'ARROW_DOWN' in campo para Ciudad, Andres clicks on campo para Codigo Postal, Andres clicks on campo para Codigo Postal, Andres enters '050015' into campo para Codigo Postal, Andres enters '050015' into campo para Codigo Postal, Andres clicks on campo para PaÃ­s, Andres clicks on campo para Pais, Andres clicks on boton siguiente, Andres clicks on campo para Computador, Andres clicks on campo para seleccionar Cmputador, Andres clicks on campo para Version de Sistema Operativo, Andres clicks on Campo para seleccionar version de sistema operativo, Andres clicks on campo para Lenguaje, Andres clicks on campo para item Lenguaje, Andres clicks on campo para marca de Movil, Andres clicks on campo para marca de Movil, Andres clicks on campo para item Marca Movil, Andres clicks on campo para modelo, Andres clicks on campo para modelo, Andres clicks on campo para item modelo, Andres clicks on campo para OS, Andres clicks on campo para OS, Andres clicks on campo para item OS, Andres clicks on campo para boton siguiente ultima parte, Andres clicks on campo para contraseÃ±a, Andres enters 'ChoucairTesting2021' into campo para contraseÃ±a, Andres clicks on campo para contraseÃ±a, Andres enters 'ChoucairTesting2021' into campo para contraseÃ±a, Andres clicks on campo para contraseÃ±a, Andres clicks on campo para contraseÃ±a, Andres clicks on campo para contraseÃ±a, Andres clicks on campo para contraseÃ±a]], Entonces el verifica que se realizo el registro con la pantalla Welcome to the world's largest community of freelance software testers! [Then answer]]
[Test worker] ERROR net.thucydides.core.steps.ConsoleLoggingListener - 
           __  _____ _____ ____ _____   _____ _    ___ _     _____ ____  
  _       / / |_   _| ____/ ___|_   _| |  ___/ \  |_ _| |   | ____|  _ \ 
 (_)_____| |    | | |  _| \___ \ | |   | |_ / _ \  | || |   |  _| | | | |
  _|_____| |    | | | |___ ___) || |   |  _/ ___ \ | || |___| |___| |_| |
 (_)     | |    |_| |_____|____/ |_|   |_|/_/   \_\___|_____|_____|____/ 
          \_\                                                            

TEST FAILED WITH ERROR: Registrar usuario en UTest.com
---------------------------------------------------------------------
[Test worker] ERROR net.thucydides.core.steps.ConsoleLoggingListener - TEST FAILED AT STEP Then answer
[Test worker] ERROR net.thucydides.core.steps.ConsoleLoggingListener - no such element: Unable to locate element: {"method":"xpath","selector":"//strong[contains(text(),'As a new tester, we recommend that you follow thes')]"}
]]></system-err>
</testsuite>
